时间:2017/4/12 10:52:50
程序启动！

时间:2017/4/12 10:52:50
1

时间:2017/4/12 10:52:50
COM14

时间:2017/4/13 13:28:43
程序启动！

时间:2017/4/13 13:28:55
程序启动！

时间:2017/4/13 13:29:25
程序启动！

时间:2017/4/13 13:29:52
程序启动！

时间:2017/4/13 13:32:49
程序启动！

时间:2017/4/13 13:54:17
程序启动！

时间:2017/4/13 13:54:17
2

时间:2017/4/13 13:54:17
COM14

时间:2017/4/13 13:54:17
COM13

时间:2017/4/13 13:55:28
程序启动！

时间:2017/4/13 13:56:18
程序启动！

时间:2017/4/13 13:56:30
程序启动！

时间:2017/4/13 13:59:16
程序启动！

时间:2017/4/13 13:59:16
没有串口！

时间:2017/4/13 13:59:50
程序启动！

时间:2017/4/13 13:59:50
没有串口！

时间:2017/4/13 14:00:55
程序启动！

时间:2017/4/13 14:00:58
没有串口！

时间:2017/4/13 14:01:21
程序启动！

时间:2017/4/13 14:01:21
没有串口！

时间:2017/4/13 14:01:29
程序启动！

时间:2017/4/13 14:01:29
没有串口！

时间:2017/4/13 14:01:47
程序启动！

时间:2017/4/13 14:01:47
没有串口！

时间:2017/4/13 14:02:09
程序启动！

时间:2017/4/13 14:02:09
没有串口！

时间:2017/4/13 14:03:46
程序启动！

时间:2017/4/13 14:03:49
没有串口！

时间:2017/4/13 14:04:30
程序启动！

时间:2017/4/13 14:04:30
没有串口！

时间:2017/4/13 15:09:28
程序启动！

时间:2017/4/13 15:11:18
程序启动！

时间:2017/4/13 15:12:26
程序启动！

时间:2017/4/13 15:12:48
程序启动！

时间:2017/4/13 15:13:55
程序启动！

时间:2017/4/13 15:14:18
程序启动！

时间:2017/4/13 15:15:29
程序启动！

时间:2017/4/13 15:15:47
程序启动！

时间:2017/4/13 15:15:53
程序启动！

时间:2017/4/13 15:17:12
程序启动！

时间:2017/4/13 15:17:19
程序启动！

时间:2017/4/13 15:17:32
程序启动！

时间:2017/4/13 15:17:37
程序启动！

时间:2017/4/13 15:18:12
程序启动！

时间:2017/4/13 15:19:30
程序启动！

时间:2017/4/13 15:19:43
程序启动！

时间:2017/4/13 15:25:24
程序启动！

时间:2017/4/13 16:02:08
程序启动！

时间:2017/4/13 16:03:06
程序启动！

时间:2017/4/13 16:04:19
程序启动！

时间:2017/4/13 16:05:44
程序启动！

时间:2017/4/13 16:06:28
程序启动！

时间:2017/4/13 16:08:09
程序启动！

时间:2017/4/13 16:09:55
程序启动！

时间:2017/4/13 16:10:18
程序启动！

时间:2017/4/13 16:11:01
程序启动！

时间:2017/4/13 16:11:22
程序启动！

时间:2017/4/13 16:11:28
程序启动！

时间:2017/4/13 16:11:38
程序启动！

时间:2017/4/13 16:12:30
程序启动！

时间:2017/4/13 16:13:06
程序启动！

时间:2017/4/13 16:13:13
程序启动！

时间:2017/4/13 16:14:33
程序启动！

时间:2017/4/13 16:14:42
程序启动！

时间:2017/4/13 16:15:04
程序启动！

时间:2017/4/13 16:16:17
程序启动！

时间:2017/4/13 16:16:35
程序启动！

时间:2017/4/13 16:16:58
程序启动！

时间:2017/4/13 16:17:48
程序启动！

时间:2017/4/13 16:18:02
程序启动！

时间:2017/4/13 16:19:08
程序启动！

时间:2017/4/13 16:21:11
程序启动！

时间:2017/4/13 16:21:28
程序启动！

时间:2017/4/13 16:24:11
程序启动！

时间:2017/4/13 16:25:54
程序启动！

时间:2017/4/13 16:27:27
程序启动！

时间:2017/4/13 16:30:09
程序启动！

时间:2017/4/13 16:30:17
程序启动！

时间:2017/4/13 16:31:11
程序启动！

时间:2017/4/13 16:31:18
程序启动！

时间:2017/4/13 16:31:49
程序启动！

时间:2017/4/13 16:32:28
程序启动！

时间:2017/4/13 16:34:38
程序启动！

时间:2017/4/13 16:34:53
程序启动！

时间:2017/4/13 16:39:35
程序启动！

时间:2017/4/13 16:39:42
程序启动！

时间:2017/4/13 16:40:29
程序启动！

时间:2017/4/13 16:40:36
程序启动！

时间:2017/4/13 16:42:04
程序启动！

时间:2017/4/13 16:42:20
程序启动！

时间:2017/4/13 16:43:21
程序启动！

时间:2017/4/13 16:59:30
程序启动！

时间:2017/4/13 16:59:48
程序启动！

时间:2017/4/13 17:00:40
程序启动！

时间:2017/4/13 17:01:10
程序启动！

时间:2017/4/13 17:01:22
程序启动！

时间:2017/4/13 17:02:08
程序启动！

时间:2017/4/13 17:02:33
程序启动！

时间:2017/4/13 17:05:04
程序启动！

时间:2017/4/13 17:06:01
程序启动！

时间:2017/4/13 17:06:39
程序启动！

时间:2017/4/13 17:07:28
程序启动！

时间:2017/4/13 17:07:56
程序启动！

时间:2017/4/13 17:10:41
程序启动！

时间:2017/4/13 17:11:02
程序启动！

时间:2017/4/13 17:12:30
程序启动！

时间:2017/4/13 17:14:38
程序启动！

时间:2017/4/13 17:15:40
程序启动！

时间:2017/4/13 17:15:51
程序启动！

时间:2017/4/13 17:16:08
程序启动！

时间:2017/4/13 17:17:30
程序启动！

时间:2017/4/13 17:17:41
程序启动！

时间:2017/4/13 17:18:20
程序启动！

时间:2017/4/13 17:21:57
程序启动！

时间:2017/4/13 17:23:33
程序启动！

时间:2017/4/13 17:25:19
程序启动！

时间:2017/4/13 17:26:36
程序启动！

时间:2017/4/13 17:38:42
程序启动！

时间:2017/4/13 17:39:51
程序启动！

时间:2017/4/13 17:48:03
程序启动！

时间:2017/4/13 17:51:36
程序启动！

时间:2017/4/13 17:52:30
程序启动！

时间:2017/4/13 17:53:42
程序启动！

时间:2017/4/13 17:53:53
程序启动！

时间:2017/4/13 17:54:38
程序启动！

时间:2017/4/13 18:07:14
程序启动！

时间:2017/4/13 18:15:57
程序启动！

时间:2017/4/13 18:16:11
程序启动！

时间:2017/4/13 18:16:52
程序启动！

时间:2017/4/13 18:33:27
程序启动！

时间:2017/4/13 18:36:50
程序启动！

时间:2017/4/13 18:41:03
程序启动！

时间:2017/4/13 18:42:01
程序启动！

时间:2017/4/13 19:29:04
程序启动！

时间:2017/4/13 19:29:57
程序启动！

时间:2017/4/13 19:30:11
程序启动！

时间:2017/4/13 19:34:09
程序启动！

时间:2017/4/13 19:35:42
程序启动！

时间:2017/4/13 19:37:02
程序启动！

时间:2017/4/13 19:38:18
程序启动！

时间:2017/4/13 19:39:48
程序启动！

时间:2017/4/13 19:41:55
程序启动！

时间:2017/4/13 19:43:20
程序启动！

时间:2017/4/13 19:44:23
程序启动！

时间:2017/4/13 19:44:58
程序启动！

时间:2017/4/13 19:47:16
程序启动！

时间:2017/4/13 19:48:55
程序启动！

时间:2017/4/13 19:49:21
程序启动！

时间:2017/4/13 19:50:04
程序启动！

时间:2017/4/13 19:50:33
程序启动！

时间:2017/4/13 19:51:34
程序启动！

时间:2017/4/13 19:53:33
程序启动！

时间:2017/4/13 20:01:52
程序启动！

时间:2017/4/13 20:02:11
程序启动！

时间:2017/4/13 20:02:29
程序启动！

时间:2017/4/13 20:06:05
程序启动！

时间:2017/4/13 20:06:31
程序启动！

时间:2017/4/13 20:07:52
程序启动！

时间:2017/4/13 20:12:03
程序启动！

时间:2017/4/13 20:13:42
程序启动！

时间:2017/4/13 20:15:23
程序启动！

时间:2017/4/13 20:15:28
程序启动！

时间:2017/4/13 20:16:51
程序启动！

时间:2017/4/13 20:17:58
程序启动！

时间:2017/4/13 20:20:00
程序启动！

时间:2017/4/13 20:22:06
程序启动！

时间:2017/4/13 20:22:52
程序启动！

时间:2017/4/13 20:23:52
程序启动！

时间:2017/4/13 20:26:41
程序启动！

时间:2017/4/13 20:33:00
程序启动！

时间:2017/4/14 9:12:18
程序启动！

时间:2017/4/14 9:23:26
程序启动！

时间:2017/4/14 9:29:06
程序启动！

时间:2017/4/14 9:34:48
程序启动！

时间:2017/4/14 9:41:36
程序启动！

时间:2017/4/14 9:42:14
程序启动！

时间:2017/4/14 9:44:32
程序启动！

时间:2017/4/14 9:44:38
程序启动！

时间:2017/4/14 9:52:48
程序启动！

时间:2017/4/14 10:12:33
程序启动！

时间:2017/4/14 10:14:19
程序启动！

时间:2017/4/14 10:14:33
程序启动！

时间:2017/4/14 10:34:21
程序启动！

时间:2017/4/14 13:26:46
程序启动！

时间:2017/4/14 16:17:07
程序启动！

时间:2017/4/14 16:21:14
程序启动！

时间:2017/4/14 16:25:48
程序启动！

时间:2017/4/14 18:39:45
程序启动！

时间:2017/4/14 19:12:19
程序启动！

时间:2017/4/14 19:12:41
程序启动！

时间:2017/4/14 19:13:13
程序启动！

时间:2017/4/14 19:15:07
程序启动！

时间:2017/4/14 19:17:55
程序启动！

时间:2017/4/14 19:25:46
程序启动！

时间:2017/4/14 19:38:45
程序启动！

时间:2017/4/14 19:42:14
程序启动！

时间:2017/4/14 19:45:00
程序启动！

时间:2017/4/14 19:46:47
程序启动！

时间:2017/4/14 19:51:30
程序启动！

时间:2017/4/14 19:55:23
程序启动！

时间:2017/4/14 19:59:39
程序启动！

时间:2017/4/14 20:07:44
程序启动！

时间:2017/5/4 12:01:33
程序启动！

时间:2017/5/4 12:01:33
没有串口！

时间:2017/5/19 18:15:38
程序启动！

时间:2017/5/19 18:15:38
没有串口！

时间:2017/6/6 16:21:14
程序启动！

时间:2017/6/6 16:21:48
程序启动！

时间:2017/6/6 16:26:48
程序启动！

时间:2017/6/6 16:41:04
程序启动！

时间:2017/6/6 16:45:33
程序启动！

时间:2017/6/6 16:59:14
程序启动！

时间:2017/6/6 17:03:55
程序启动！

时间:2017/6/6 17:10:48
程序启动！

时间:2017/6/6 17:12:52
程序启动！

时间:2017/6/6 17:13:33
程序启动！

时间:2017/6/6 17:21:27
程序启动！

时间:2017/6/6 17:24:15
程序启动！

时间:2017/6/6 17:53:41
程序启动！

时间:2017/6/6 19:12:21
程序启动！

时间:2017/6/6 19:21:40
程序启动！

时间:2017/6/6 19:25:04
程序启动！

时间:2017/6/6 19:30:33
程序启动！

时间:2017/6/6 19:35:37
程序启动！

时间:2017/6/6 19:42:15
程序启动！

时间:2017/6/6 19:49:23
程序启动！

时间:2017/6/6 19:55:58
程序启动！

时间:2017/6/7 14:46:42
程序启动！

时间:2017/6/7 15:39:45
程序启动！

时间:2017/6/7 16:01:10
程序启动！

时间:2017/6/7 17:15:06
程序启动！

时间:2017/6/7 17:16:15
程序启动！

时间:2017/6/7 17:17:11
程序启动！

时间:2017/6/7 17:18:05
程序启动！

时间:2017/6/7 17:19:37
程序启动！

时间:2017/6/7 17:25:27
程序启动！

时间:2017/6/7 17:27:07
程序启动！

时间:2017/6/7 17:27:43
程序启动！

时间:2017/6/7 17:29:10
程序启动！

时间:2017/6/7 17:32:02
程序启动！

时间:2017/6/7 17:32:54
程序启动！

时间:2017/6/7 18:17:39
程序启动！

时间:2017/6/7 18:25:59
程序启动！

时间:2017/6/7 18:31:46
程序启动！

时间:2017/6/7 18:34:05
程序启动！

时间:2017/6/7 18:36:47
程序启动！

时间:2017/6/7 18:44:07
程序启动！

时间:2017/6/7 18:51:34
程序启动！

时间:2017/6/7 18:52:13
程序启动！

时间:2017/6/7 18:52:24
程序启动！

时间:2017/6/7 18:52:43
程序启动！

时间:2017/6/7 18:52:52
程序启动！

时间:2017/6/7 18:53:32
程序启动！

时间:2017/6/7 18:53:38
程序启动！

时间:2017/6/7 18:53:59
程序启动！

时间:2017/6/7 18:54:09
程序启动！

时间:2017/6/7 18:55:11
程序启动！

时间:2017/6/7 18:58:14
程序启动！

时间:2017/6/7 19:02:41
程序启动！

时间:2017/6/7 19:03:27
程序启动！

时间:2017/6/7 19:05:56
程序启动！

时间:2017/6/7 19:46:05
程序启动！

时间:2017/6/8 9:13:00
程序启动！

时间:2017/6/8 9:14:20
程序启动！

时间:2017/6/8 9:18:48
程序启动！

时间:2017/6/8 9:22:28
程序启动！

时间:2017/6/8 9:25:47
程序启动！

时间:2017/6/8 9:27:40
程序启动！

时间:2017/6/8 9:29:19
程序启动！

时间:2017/6/8 9:30:27
程序启动！

时间:2017/6/8 9:31:13
程序启动！

时间:2017/6/8 9:32:17
程序启动！

时间:2017/6/8 9:34:09
程序启动！

时间:2017/6/8 9:34:55
程序启动！

时间:2017/6/8 9:35:34
程序启动！

时间:2017/6/8 9:37:25
程序启动！

时间:2017/6/8 10:12:21
程序启动！

时间:2017/6/8 10:14:59
程序启动！

时间:2017/6/8 10:19:52
程序启动！

时间:2017/6/8 10:21:15
程序启动！

时间:2017/6/8 10:32:15
程序启动！

时间:2017/6/8 10:32:53
程序启动！

时间:2017/6/8 10:34:16
程序启动！

时间:2017/6/8 10:34:38
程序启动！

时间:2017/6/8 10:34:49
程序启动！

时间:2017/6/8 10:35:20
程序启动！

时间:2017/6/8 10:37:28
程序启动！

时间:2017/6/8 10:39:12
程序启动！

时间:2017/6/8 10:40:24
程序启动！

时间:2017/6/8 10:41:43
程序启动！

时间:2017/6/8 10:42:30
程序启动！

时间:2017/6/8 10:43:05
程序启动！

时间:2017/6/8 10:44:03
程序启动！

时间:2017/6/8 10:44:56
程序启动！

时间:2017/6/8 10:46:46
程序启动！

时间:2017/6/8 10:47:13
程序启动！

时间:2017/6/8 10:49:07
程序启动！

时间:2017/6/8 10:52:07
程序启动！

时间:2017/6/8 10:53:36
程序启动！

时间:2017/6/8 10:56:07
程序启动！

时间:2017/6/8 11:49:17
程序启动！

时间:2017/6/8 11:50:10
程序启动！

时间:2017/6/8 11:51:54
程序启动！

时间:2017/6/8 11:52:34
程序启动！

时间:2017/6/8 11:54:52
程序启动！

时间:2017/6/8 12:00:37
程序启动！

时间:2017/6/8 12:01:45
程序启动！

时间:2017/6/8 12:06:39
程序启动！

时间:2017/6/8 12:19:36
程序启动！

时间:2017/6/8 12:21:09
程序启动！

时间:2017/6/8 12:30:54
程序启动！

时间:2017/6/8 13:22:59
程序启动！

时间:2017/6/8 13:23:42
程序启动！

时间:2017/6/8 13:28:58
程序启动！

时间:2017/6/8 13:30:22
程序启动！

时间:2017/6/8 13:35:37
程序启动！

时间:2017/6/8 13:36:46
程序启动！

时间:2017/6/8 13:37:03
程序启动！

时间:2017/6/8 13:38:29
程序启动！

时间:2017/6/8 13:39:01
程序启动！

时间:2017/6/8 13:39:32
程序启动！

时间:2017/6/8 13:40:52
程序启动！

时间:2017/6/8 13:41:46
程序启动！

时间:2017/6/8 13:43:26
程序启动！

时间:2017/6/8 13:44:37
程序启动！

时间:2017/6/8 13:45:02
程序启动！

时间:2017/6/8 13:46:14
程序启动！

时间:2017/6/8 13:48:38
程序启动！

时间:2017/6/8 13:49:01
程序启动！

时间:2017/6/8 13:49:53
程序启动！

时间:2017/6/8 13:50:32
程序启动！

时间:2017/6/8 13:52:24
程序启动！

时间:2017/6/8 13:53:03
程序启动！

时间:2017/6/8 13:53:29
程序启动！

时间:2017/6/8 13:54:10
程序启动！

时间:2017/6/8 14:06:33
程序启动！

时间:2017/6/8 14:07:54
程序启动！

时间:2017/6/8 14:10:03
程序启动！

时间:2017/6/8 14:11:40
程序启动！

时间:2017/6/8 14:12:55
程序启动！

时间:2017/6/8 14:14:09
程序启动！

时间:2017/6/8 14:15:28
程序启动！

时间:2017/6/8 14:16:18
程序启动！

时间:2017/6/8 14:19:41
程序启动！

时间:2017/6/8 14:23:44
程序启动！

时间:2017/6/8 14:26:36
程序启动！

时间:2017/6/8 14:29:08
程序启动！

时间:2017/6/8 14:29:36
程序启动！

时间:2017/6/8 14:36:38
程序启动！

时间:2017/6/8 14:45:37
程序启动！

时间:2017/6/8 14:55:07
程序启动！

时间:2017/6/8 14:55:51
程序启动！

时间:2017/6/8 14:57:24
程序启动！

时间:2017/6/8 15:03:05
程序启动！

时间:2017/6/8 15:04:26
程序启动！

时间:2017/6/8 15:05:04
程序启动！

时间:2017/6/8 15:11:37
程序启动！

时间:2017/6/8 15:13:49
程序启动！

时间:2017/6/8 15:14:16
程序启动！

时间:2017/6/8 15:16:32
程序启动！

时间:2017/6/8 15:21:38
程序启动！

时间:2017/6/8 15:23:06
程序启动！

时间:2017/6/8 15:23:50
程序启动！

时间:2017/6/8 15:25:27
程序启动！

时间:2017/6/8 15:27:46
程序启动！

时间:2017/6/8 15:29:04
程序启动！

时间:2017/6/8 15:30:29
程序启动！

时间:2017/6/8 15:31:54
程序启动！

时间:2017/6/8 15:33:11
程序启动！

时间:2017/6/8 15:34:05
程序启动！

时间:2017/6/8 15:34:28
程序启动！

时间:2017/6/8 15:34:49
程序启动！

时间:2017/6/8 15:35:41
程序启动！

时间:2017/6/8 15:37:39
程序启动！

时间:2017/6/8 15:37:46
程序启动！

时间:2017/6/8 15:41:36
程序启动！

时间:2017/6/8 15:43:36
程序启动！

时间:2017/6/8 15:44:12
程序启动！

时间:2017/6/8 15:46:02
程序启动！

时间:2017/6/8 15:47:02
程序启动！

时间:2017/6/8 15:48:15
程序启动！

时间:2017/6/8 15:51:50
程序启动！

时间:2017/6/8 15:53:37
程序启动！

时间:2017/6/8 15:57:11
程序启动！

时间:2017/6/8 15:57:55
程序启动！

时间:2017/6/8 16:01:17
程序启动！

时间:2017/6/8 16:10:06
程序启动！

时间:2017/6/8 16:10:31
程序启动！

时间:2017/6/8 16:14:56
程序启动！

时间:2017/6/8 16:26:21
程序启动！

时间:2017/6/8 16:26:38
程序启动！

时间:2017/6/8 16:27:04
程序启动！

时间:2017/6/8 16:27:11
程序启动！

时间:2017/6/8 16:27:36
程序启动！

时间:2017/6/8 16:33:19
程序启动！

时间:2017/6/8 16:33:41
程序启动！

时间:2017/6/8 16:33:56
程序启动！

时间:2017/6/8 16:34:08
程序启动！

时间:2017/6/8 17:01:58
程序启动！

时间:2017/6/8 17:02:50
程序启动！

时间:2017/6/8 17:08:25
程序启动！

时间:2017/6/8 17:09:12
程序启动！

时间:2017/6/8 17:16:42
程序启动！

时间:2017/6/8 17:19:08
程序启动！

时间:2017/6/8 17:22:47
程序启动！

时间:2017/6/8 17:24:39
程序启动！

时间:2017/6/8 17:35:13
程序启动！

时间:2017/6/8 17:35:51
程序启动！

时间:2017/6/8 17:54:11
程序启动！

时间:2017/6/8 19:33:07
程序启动！

时间:2017/6/8 19:33:16
程序启动！

时间:2017/6/8 19:33:42
程序启动！

时间:2017/6/8 19:33:53
程序启动！

时间:2017/6/8 19:34:00
程序启动！

时间:2017/6/8 19:44:24
程序启动！

时间:2017/6/8 19:45:51
程序启动！

时间:2017/6/8 19:48:59
程序启动！

时间:2017/6/8 19:49:15
程序启动！

时间:2017/6/9 10:08:09
程序启动！

时间:2017/6/9 10:08:35
程序启动！

时间:2017/6/9 10:19:20
程序启动！

时间:2017/6/9 10:22:55
程序启动！

时间:2017/6/9 10:24:57
程序启动！

时间:2017/6/9 10:25:46
程序启动！

时间:2017/6/9 10:29:33
程序启动！

时间:2017/6/9 10:29:47
程序启动！

时间:2017/6/9 10:33:18
程序启动！

时间:2017/6/9 10:35:44
程序启动！

时间:2017/6/9 11:10:05
程序启动！

时间:2017/6/9 11:10:24
程序启动！

时间:2017/6/9 11:11:32
程序启动！

时间:2017/6/9 11:12:25
程序启动！

时间:2017/6/9 11:12:37
程序启动！

时间:2017/6/9 11:13:49
程序启动！

时间:2017/6/9 11:26:51
程序启动！

时间:2017/6/9 11:29:03
程序启动！

时间:2017/6/9 11:39:38
程序启动！

时间:2017/6/9 13:15:34
程序启动！

时间:2017/6/9 13:26:40
程序启动！

时间:2017/6/9 13:33:41
程序启动！

时间:2017/6/9 13:33:56
程序启动！

时间:2017/6/9 13:38:24
程序启动！

时间:2017/6/9 13:54:03
程序启动！

时间:2017/6/9 14:02:11
程序启动！

时间:2017/6/9 14:03:08
程序启动！

时间:2017/6/9 14:03:26
程序启动！

时间:2017/6/9 14:35:31
程序启动！

时间:2017/6/9 14:41:19
程序启动！

时间:2017/6/9 14:45:30
程序启动！

时间:2017/6/9 14:47:31
程序启动！

时间:2017/6/9 14:59:33
程序启动！

时间:2017/6/9 15:03:38
程序启动！

时间:2017/6/9 15:03:57
程序启动！

时间:2017/6/9 15:18:00
程序启动！

时间:2017/6/9 15:44:14
程序启动！

时间:2017/6/9 16:45:21
程序启动！

时间:2017/6/9 16:53:39
程序启动！

时间:2017/6/9 16:55:38
程序启动！

时间:2017/6/9 16:57:10
程序启动！

时间:2017/6/9 16:57:58
程序启动！

时间:2017/6/9 16:59:47
程序启动！

时间:2017/6/9 17:01:22
程序启动！

时间:2017/6/9 17:07:21
程序启动！

时间:2017/6/9 17:09:49
程序启动！

时间:2017/6/9 17:14:51
程序启动！

时间:2017/6/9 17:26:26
程序启动！

时间:2017/6/9 17:58:51
程序启动！

时间:2017/6/9 18:03:16
程序启动！

时间:2017/6/9 19:08:44
程序启动！

时间:2017/6/9 19:08:50
程序启动！

时间:2017/6/9 19:10:16
程序启动！

时间:2017/6/9 19:10:39
程序启动！

时间:2017/6/9 19:11:58
程序启动！

时间:2017/6/9 19:15:20
程序启动！

时间:2017/6/9 19:15:33
程序启动！

时间:2017/6/9 19:15:37
程序启动！

时间:2017/6/9 19:15:41
程序启动！

时间:2017/6/9 19:15:45
程序启动！

时间:2017/6/9 19:15:48
程序启动！

时间:2017/6/9 19:15:52
程序启动！

时间:2017/6/9 19:44:14
程序启动！

时间:2017/6/9 19:45:28
程序启动！

时间:2017/6/9 19:47:38
程序启动！

时间:2017/6/9 20:03:11
程序启动！

时间:2017/6/12 14:04:03
程序启动！

时间:2017/6/12 14:12:56
程序启动！

时间:2017/6/12 14:13:40
程序启动！

时间:2017/6/12 14:14:09
程序启动！

时间:2017/6/12 14:25:54
程序启动！

时间:2017/6/12 14:36:21
程序启动！

时间:2017/6/12 14:41:54
程序启动！

时间:2017/6/12 14:44:44
程序启动！

时间:2017/6/12 14:49:12
程序启动！

时间:2017/6/12 14:58:37
程序启动！

时间:2017/6/12 17:57:50
程序启动！

时间:2017/6/12 18:00:58
程序启动！

时间:2017/6/12 18:02:33
程序启动！

时间:2017/6/12 18:04:35
程序启动！

时间:2017/6/12 18:05:18
程序启动！

时间:2017/6/12 18:09:33
程序启动！

时间:2017/6/12 18:11:00
程序启动！

时间:2017/6/12 18:11:48
程序启动！

时间:2017/6/12 18:14:17
程序启动！

时间:2017/6/12 18:16:12
程序启动！

时间:2017/6/12 18:18:47
程序启动！

时间:2017/6/12 18:25:02
程序启动！

时间:2017/6/12 18:27:17
程序启动！

时间:2017/6/12 18:49:29
程序启动！

时间:2017/6/12 18:53:03
程序启动！

时间:2017/6/12 18:54:44
程序启动！

时间:2017/6/12 18:57:24
程序启动！

时间:2017/6/12 19:10:16
程序启动！

时间:2017/6/12 19:11:47
程序启动！

时间:2017/6/12 19:17:00
程序启动！

时间:2017/6/13 9:44:09
程序启动！

时间:2017/6/13 9:51:43
程序启动！

时间:2017/6/13 10:06:54
程序启动！

时间:2017/6/13 10:10:47
程序启动！

时间:2017/6/13 10:13:11
程序启动！

时间:2017/6/13 10:37:12
程序启动！

时间:2017/6/13 10:38:44
程序启动！

时间:2017/6/13 10:47:53
程序启动！

时间:2017/6/13 10:51:35
程序启动！

时间:2017/6/13 10:53:16
程序启动！

时间:2017/6/13 10:53:58
程序启动！

时间:2017/6/13 10:58:55
程序启动！

时间:2017/6/13 11:03:04
程序启动！

时间:2017/6/13 11:08:00
程序启动！

时间:2017/6/13 11:10:21
程序启动！

时间:2017/6/13 11:10:41
程序启动！

时间:2017/6/13 11:11:14
程序启动！

时间:2017/6/13 11:11:30
程序启动！

时间:2017/6/13 11:22:56
程序启动！

时间:2017/6/13 11:30:19
程序启动！

时间:2017/6/13 11:31:36
程序启动！

时间:2017/6/13 11:32:37
程序启动！

时间:2017/6/13 11:55:06
程序启动！

时间:2017/6/13 11:58:59
程序启动！

时间:2017/6/13 12:01:26
程序启动！

时间:2017/6/13 12:02:47
程序启动！

时间:2017/6/13 12:03:31
程序启动！

时间:2017/6/13 13:36:06
程序启动！

时间:2017/6/13 13:37:48
程序启动！

时间:2017/6/13 13:38:39
程序启动！

时间:2017/6/13 13:40:15
程序启动！

时间:2017/6/13 13:41:27
程序启动！

时间:2017/6/13 13:46:10
程序启动！

时间:2017/6/13 13:48:05
程序启动！

时间:2017/6/13 13:50:15
程序启动！

时间:2017/6/13 13:50:37
程序启动！

时间:2017/6/13 13:51:33
程序启动！

时间:2017/6/13 13:52:45
程序启动！

时间:2017/6/13 13:54:27
程序启动！

时间:2017/6/13 13:54:32
程序启动！

时间:2017/6/14 14:05:05
程序启动！

时间:2017/6/14 14:05:24
程序启动！

时间:2017/6/14 14:06:38
程序启动！

时间:2017/6/14 14:12:12
程序启动！

时间:2017/6/14 14:20:08
程序启动！

时间:2017/6/14 14:27:32
程序启动！

时间:2017/6/14 14:37:20
程序启动！

时间:2017/6/14 14:39:57
程序启动！

时间:2017/6/14 14:40:44
程序启动！

时间:2017/6/14 14:41:27
程序启动！

时间:2017/6/14 14:44:00
程序启动！

时间:2017/6/14 14:50:19
程序启动！

时间:2017/6/14 14:50:29
程序启动！

时间:2017/6/14 14:51:40
程序启动！

时间:2017/6/14 14:57:56
程序启动！

时间:2017/6/14 15:00:33
程序启动！

时间:2017/6/14 15:06:26
程序启动！

时间:2017/6/14 15:08:09
程序启动！

时间:2017/6/14 15:08:31
程序启动！

时间:2017/6/14 15:08:44
程序启动！

时间:2017/6/14 15:11:09
程序启动！

时间:2017/6/14 15:12:08
程序启动！

时间:2017/6/14 15:12:41
程序启动！

时间:2017/6/14 15:13:41
程序启动！

时间:2017/6/14 15:25:07
程序启动！

时间:2017/6/14 15:29:52
程序启动！

时间:2017/6/14 15:31:43
程序启动！

时间:2017/6/14 15:32:04
程序启动！

时间:2017/6/14 15:34:13
程序启动！

时间:2017/6/14 15:34:18
程序启动！

时间:2017/6/14 15:34:46
程序启动！

时间:2017/6/14 15:36:38
程序启动！

时间:2017/6/14 15:37:31
程序启动！

时间:2017/6/14 15:38:06
程序启动！

时间:2017/6/14 15:41:03
程序启动！

时间:2017/6/14 15:44:02
程序启动！

时间:2017/6/14 15:44:25
程序启动！

时间:2017/6/14 15:56:10
程序启动！

时间:2017/6/14 16:06:07
程序启动！

时间:2017/6/14 16:10:46
程序启动！

时间:2017/6/14 16:37:40
程序启动！

时间:2017/6/14 16:39:07
程序启动！

时间:2017/6/14 16:40:43
程序启动！

时间:2017/6/14 16:41:34
程序启动！

时间:2017/6/14 16:42:30
程序启动！

时间:2017/6/14 16:42:47
程序启动！

时间:2017/6/14 16:43:17
程序启动！

时间:2017/6/14 16:46:55
程序启动！

时间:2017/6/14 17:02:29
程序启动！

时间:2017/6/14 17:06:13
程序启动！

时间:2017/6/14 17:06:24
程序启动！

时间:2017/6/14 17:06:55
程序启动！

时间:2017/6/14 17:07:03
程序启动！

时间:2017/6/14 17:11:17
程序启动！

时间:2017/6/14 17:12:59
程序启动！

时间:2017/6/14 17:13:26
程序启动！

时间:2017/6/14 17:16:20
程序启动！

时间:2017/6/14 19:00:44
程序启动！

时间:2017/6/14 19:01:37
程序启动！

时间:2017/6/14 19:04:42
程序启动！

时间:2017/6/14 19:24:24
程序启动！

时间:2017/6/14 19:24:55
程序启动！

时间:2017/6/14 19:28:11
程序启动！

时间:2017/6/14 19:32:20
程序启动！

时间:2017/6/14 19:35:32
程序启动！

时间:2017/6/14 19:36:42
程序启动！

时间:2017/6/14 20:03:38
程序启动！

时间:2017/6/14 20:04:58
程序启动！

时间:2017/6/14 20:06:54
程序启动！

时间:2017/6/14 20:09:18
程序启动！

时间:2017/6/14 20:15:09
程序启动！

时间:2017/6/14 20:15:19
程序启动！

时间:2017/6/14 20:16:01
程序启动！

时间:2017/6/14 20:18:06
程序启动！

时间:2017/6/14 20:19:06
程序启动！

时间:2017/6/14 20:25:15
程序启动！

时间:2017/6/14 20:26:05
程序启动！

时间:2017/6/14 20:27:18
程序启动！

时间:2017/6/14 20:29:09
程序启动！

时间:2017/6/14 20:31:36
程序启动！

时间:2017/6/14 20:34:37
程序启动！

时间:2017/6/14 20:35:51
程序启动！

时间:2017/6/14 20:35:59
程序启动！

时间:2017/6/15 9:41:20
程序启动！

时间:2017/6/15 9:50:19
程序启动！

时间:2017/6/15 9:51:06
程序启动！

时间:2017/6/15 9:56:31
程序启动！

时间:2017/6/15 9:58:56
程序启动！

时间:2017/6/15 10:01:29
程序启动！

时间:2017/6/15 10:03:12
程序启动！

时间:2017/6/15 10:04:27
程序启动！

时间:2017/6/15 10:07:00
程序启动！

时间:2017/6/15 10:08:59
程序启动！

时间:2017/6/15 10:13:51
程序启动！

时间:2017/6/15 10:15:25
程序启动！

时间:2017/6/15 10:20:44
程序启动！

时间:2017/6/15 10:27:51
程序启动！

时间:2017/6/15 10:28:42
程序启动！

时间:2017/6/15 10:38:04
程序启动！

时间:2017/6/15 10:39:18
程序启动！

时间:2017/6/15 10:39:26
程序启动！

时间:2017/6/15 10:40:31
程序启动！

时间:2017/6/15 10:44:19
程序启动！

时间:2017/6/15 10:47:10
程序启动！

时间:2017/6/15 10:49:06
程序启动！

时间:2017/6/15 10:49:55
程序启动！

时间:2017/6/15 10:51:16
程序启动！

时间:2017/6/15 10:52:27
程序启动！

时间:2017/6/15 10:55:20
程序启动！

时间:2017/6/15 10:55:28
程序启动！

时间:2017/6/15 10:56:29
程序启动！

时间:2017/6/15 10:57:38
程序启动！

时间:2017/6/15 11:00:44
程序启动！

时间:2017/6/15 11:08:04
程序启动！

时间:2017/6/15 11:08:39
程序启动！

时间:2017/6/15 11:09:27
程序启动！

时间:2017/6/15 11:10:37
程序启动！

时间:2017/6/15 11:12:33
程序启动！

时间:2017/6/15 11:14:44
程序启动！

时间:2017/6/15 11:14:52
程序启动！

时间:2017/6/15 11:16:34
程序启动！

时间:2017/6/15 11:19:10
程序启动！

时间:2017/6/15 11:22:58
程序启动！

时间:2017/6/15 11:23:42
程序启动！

时间:2017/6/15 11:24:47
程序启动！

时间:2017/6/15 11:28:59
程序启动！

时间:2017/6/15 11:30:11
程序启动！

时间:2017/6/15 15:22:29
程序启动！

时间:2017/6/15 15:23:12
程序启动！

时间:2017/6/15 15:25:01
程序启动！

时间:2017/6/15 15:32:26
程序启动！

时间:2017/6/15 15:43:07
程序启动！

时间:2017/6/15 15:55:26
程序启动！

时间:2017/6/15 16:06:47
程序启动！

时间:2017/6/15 16:08:31
程序启动！

时间:2017/6/15 16:10:34
程序启动！

时间:2017/6/15 16:20:29
程序启动！

时间:2017/6/15 16:27:06
程序启动！

时间:2017/6/15 16:34:42
程序启动！

时间:2017/6/15 17:28:26
程序启动！

时间:2017/6/15 17:33:14
程序启动！

时间:2017/6/15 17:37:26
程序启动！

时间:2017/6/15 17:54:36
程序启动！

时间:2017/6/16 10:23:33
程序启动！

时间:2017/6/16 14:15:03
程序启动！

时间:2017/6/16 14:57:13
程序启动！

时间:2017/6/16 15:24:29
程序启动！

时间:2017/6/16 15:37:22
程序启动！

时间:2017/6/16 15:41:38
程序启动！

时间:2017/6/16 16:00:05
程序启动！

时间:2017/6/16 16:01:58
程序启动！

时间:2017/6/16 16:02:54
程序启动！

时间:2017/6/16 17:10:08
程序启动！

时间:2017/6/16 17:14:28
程序启动！

时间:2017/6/16 17:15:12
程序启动！

时间:2017/6/16 17:32:33
程序启动！

时间:2017/6/16 18:01:53
程序启动！

时间:2017/6/16 18:07:40
程序启动！

时间:2017/6/16 18:15:58
程序启动！

时间:2017/6/16 18:26:54
程序启动！

时间:2017/6/16 18:29:01
程序启动！

时间:2017/6/16 18:29:38
程序启动！

时间:2017/6/16 18:30:33
程序启动！

时间:2017/6/16 18:33:14
程序启动！

时间:2017/6/16 18:35:35
程序启动！

时间:2017/6/16 18:38:03
程序启动！

时间:2017/6/16 18:41:31
程序启动！

时间:2017/6/16 18:44:20
程序启动！

时间:2017/6/16 18:50:15
程序启动！

时间:2017/6/16 18:56:29
程序启动！

时间:2017/6/16 18:58:45
程序启动！

时间:2017/6/16 19:00:48
程序启动！

时间:2017/6/16 19:04:45
程序启动！

时间:2017/6/16 19:06:33
程序启动！

时间:2017/6/16 19:07:28
程序启动！

时间:2017/6/16 19:08:13
程序启动！

时间:2017/6/16 19:08:57
程序启动！

时间:2017/6/16 19:09:08
程序启动！

时间:2017/6/16 19:12:16
程序启动！

时间:2017/6/16 19:16:02
程序启动！

时间:2017/6/16 19:17:15
程序启动！

时间:2017/6/16 19:21:00
程序启动！

时间:2017/6/16 19:22:37
程序启动！

时间:2017/6/19 10:03:15
程序启动！

时间:2017/6/19 10:06:27
程序启动！

时间:2017/6/19 10:07:54
程序启动！

时间:2017/6/19 10:09:31
程序启动！

时间:2017/6/19 10:11:49
程序启动！

时间:2017/6/19 10:16:00
程序启动！

时间:2017/6/19 10:22:57
程序启动！

时间:2017/6/19 10:24:56
程序启动！

时间:2017/6/19 10:26:05
程序启动！

时间:2017/6/19 10:29:09
程序启动！

时间:2017/6/19 11:50:07
程序启动！

时间:2017/6/19 12:02:52
程序启动！

时间:2017/6/19 12:31:31
程序启动！

时间:2017/6/19 12:33:40
程序启动！

时间:2017/6/19 12:35:35
程序启动！

时间:2017/6/19 12:38:46
程序启动！

时间:2017/6/19 12:41:31
程序启动！

时间:2017/6/19 12:46:55
程序启动！

时间:2017/6/19 12:48:47
程序启动！

时间:2017/6/19 13:17:58
程序启动！

时间:2017/6/19 13:33:19
程序启动！

时间:2017/6/19 14:16:40
程序启动！

时间:2017/6/19 14:18:12
程序启动！

时间:2017/6/19 14:20:04
程序启动！

时间:2017/6/19 16:09:04
程序启动！

时间:2017/6/19 16:15:42
程序启动！

时间:2017/6/19 16:34:06
程序启动！

时间:2017/6/19 16:38:48
程序启动！

时间:2017/6/19 17:02:13
程序启动！

时间:2017/6/19 17:24:22
程序启动！

时间:2017/6/19 17:28:05
程序启动！

时间:2017/6/19 17:29:03
程序启动！

时间:2017/6/19 17:29:30
程序启动！

时间:2017/6/19 17:38:08
程序启动！

时间:2017/6/19 17:39:57
程序启动！

时间:2017/6/19 17:46:08
程序启动！

时间:2017/6/19 17:48:14
程序启动！

时间:2017/6/19 18:19:17
程序启动！

时间:2017/6/19 18:21:00
程序启动！

时间:2017/6/19 18:22:08
程序启动！

时间:2017/6/19 18:22:37
程序启动！

时间:2017/6/19 18:30:01
程序启动！

时间:2017/6/19 18:53:08
程序启动！

时间:2017/6/19 18:56:16
程序启动！

时间:2017/6/19 19:02:57
程序启动！

时间:2017/6/19 19:04:21
程序启动！

时间:2017/6/19 19:04:43
程序启动！

时间:2017/6/19 19:05:03
程序启动！

时间:2017/6/19 19:27:20
程序启动！

时间:2017/6/20 10:31:25
程序启动！

时间:2017/6/20 10:33:15
程序启动！

时间:2017/6/20 10:39:13
程序启动！

时间:2017/6/20 10:40:01
程序启动！

时间:2017/6/20 10:46:13
程序启动！

时间:2017/6/20 10:51:01
程序启动！

时间:2017/6/20 10:51:51
程序启动！

时间:2017/6/20 10:52:46
程序启动！

时间:2017/6/20 10:54:59
程序启动！

时间:2017/6/20 10:55:26
程序启动！

时间:2017/6/20 11:11:27
程序启动！

时间:2017/6/20 11:18:12
程序启动！

时间:2017/6/20 15:06:36
程序启动！

时间:2017/7/7 16:18:41
程序启动！

时间:2017/7/7 16:18:48
程序启动！

时间:2017/7/7 16:24:25
程序启动！

时间:2017/7/7 16:24:34
程序启动！

时间:2017/7/7 16:24:39
程序启动！

时间:2017/7/7 16:24:56
程序启动！

时间:2017/7/7 16:31:03
程序启动！

时间:2017/7/7 16:33:17
程序启动！

时间:2017/7/11 16:40:09
程序启动！

时间:2017/8/14 17:42:05
程序启动！

时间:2017/8/14 17:43:40
程序启动！

时间:2017/8/15 9:22:58
程序启动！

时间:2017/8/15 9:25:00
程序启动！

时间:2017/8/15 9:25:31
程序启动！

时间:2017/8/15 9:39:44
程序启动！

时间:2017/8/15 9:40:42
程序启动！

时间:2017/8/15 9:40:54
程序启动！

时间:2017/8/15 9:42:43
程序启动！

时间:2017/8/15 10:29:54
程序启动！

时间:2017/8/15 10:32:58
程序启动！

时间:2017/8/15 10:46:16
程序启动！

时间:2017/8/15 10:46:37
程序启动！

时间:2017/8/15 10:46:44
程序启动！

时间:2017/8/15 10:58:33
程序启动！

时间:2017/8/15 10:59:43
程序启动！

时间:2017/8/15 11:14:36
程序启动！

时间:2017/8/15 11:14:42
程序启动！

时间:2017/8/15 11:18:38
程序启动！

时间:2017/8/15 11:26:45
程序启动！

时间:2017/8/15 11:29:05
程序启动！

时间:2017/8/15 11:32:08
程序启动！

时间:2017/8/15 11:39:09
程序启动！

时间:2017/8/15 11:50:01
程序启动！

时间:2017/8/15 11:54:49
程序启动！

时间:2017/8/15 11:54:54
程序启动！

时间:2017/8/15 11:58:42
程序启动！

时间:2017/8/15 11:58:45
程序启动！

时间:2017/8/15 12:08:48
程序启动！

时间:2017/8/15 12:09:10
程序启动！

时间:2017/8/15 12:10:41
程序启动！

时间:2017/8/15 12:10:45
程序启动！

时间:2017/8/15 12:34:00
程序启动！

时间:2017/8/15 12:34:05
程序启动！

时间:2017/8/15 12:37:55
程序启动！

时间:2017/8/15 12:38:01
程序启动！

时间:2017/8/15 12:42:11
程序启动！

时间:2017/8/15 13:59:01
程序启动！

时间:2017/8/15 13:59:04
程序启动！

时间:2018/9/29 11:52:50
程序启动！

时间:2018/9/29 14:19:17
程序启动！

时间:2018/9/29 14:19:17
没有串口！

时间:2018/9/29 14:20:24
程序启动！

时间:2018/9/29 14:20:24
没有串口！

时间:2018/9/29 14:20:24
没有串口！

时间:2018/9/29 14:20:28
程序启动！

时间:2018/9/29 14:20:28
没有串口！

时间:2018/9/29 15:09:20
程序启动！

时间:2018/9/29 15:09:20
没有串口！

时间:2018/9/29 16:19:46
程序启动！

时间:2018/9/29 16:19:46
没有串口！

时间:2018/9/29 16:36:48
程序启动！

时间:2018/9/29 16:36:48
没有串口！

时间:2018/9/29 16:37:29
程序启动！

时间:2018/9/29 16:37:29
没有串口！

时间:2018/9/29 16:39:28
程序启动！

时间:2018/9/29 16:39:28
没有串口！

时间:2018/9/29 16:39:40
程序启动！

时间:2018/9/29 16:39:40
没有串口！

时间:2018/9/29 16:44:36
程序启动！

时间:2018/9/29 16:44:36
没有串口！

时间:2018/10/9 16:10:46
程序启动！

时间:2018/10/9 16:10:46
没有串口！

时间:2018/10/9 16:15:38
程序启动！

时间:2018/10/9 16:15:38
没有串口！

时间:2018/10/9 16:18:43
程序启动！

时间:2018/10/9 16:18:43
没有串口！

时间:2018/10/9 16:19:34
程序启动！

时间:2018/10/9 16:19:34
没有串口！

时间:2018/10/9 16:20:34
程序启动！

时间:2018/10/9 16:20:34
没有串口！

时间:2018/10/9 16:20:55
程序启动！

时间:2018/10/9 16:20:55
没有串口！

时间:2018/10/9 16:22:03
程序启动！

时间:2018/10/9 16:22:03
没有串口！

时间:2018/10/10 9:11:49
程序启动！

时间:2018/10/10 9:11:50
没有串口！

时间:2018/10/10 9:15:03
程序启动！

时间:2018/10/10 9:15:03
没有串口！

时间:2018/10/10 9:16:17
程序启动！

时间:2018/10/10 9:16:17
没有串口！

时间:2018/10/10 9:20:04
程序启动！

时间:2018/10/10 9:20:04
没有串口！

时间:2018/10/10 9:20:46
程序启动！

时间:2018/10/10 9:20:46
没有串口！

时间:2018/10/10 9:30:10
程序启动！

时间:2018/10/10 9:30:10
没有串口！

时间:2018/10/10 10:30:02
程序启动！

时间:2018/10/10 10:30:02
没有串口！

时间:2018/10/10 10:32:39
程序启动！

时间:2018/10/10 10:33:13
没有串口！

时间:2018/10/10 11:24:52
程序启动！

时间:2018/10/10 11:28:32
程序启动！

时间:2018/10/10 11:41:14
程序启动！

时间:2018/10/10 11:41:14
没有串口！

时间:2018/10/10 11:44:27
程序启动！

时间:2018/10/10 11:44:46
没有串口！

时间:2018/10/10 11:54:38
程序启动！

时间:2018/10/10 11:54:38
没有串口！

时间:2018/10/10 11:56:26
程序启动！

时间:2018/10/10 11:56:30
没有串口！

时间:2018/10/10 12:20:44
程序启动！

时间:2018/10/10 12:20:44
没有串口！

时间:2018/10/10 12:33:36
程序启动！

时间:2018/10/10 12:33:36
没有串口！

时间:2018/10/10 13:19:28
程序启动！

时间:2018/10/10 13:20:13
程序启动！

时间:2018/10/10 13:33:49
程序启动！

时间:2018/10/10 13:43:29
程序启动！

时间:2018/10/10 13:54:17
程序启动！

时间:2018/10/10 14:41:53
程序启动！

时间:2018/10/10 14:47:35
程序启动！

时间:2018/10/10 14:52:48
程序启动！

时间:2018/10/10 14:56:50
程序启动！

时间:2018/10/10 14:59:17
程序启动！

时间:2018/10/10 15:04:39
程序启动！

时间:2018/10/10 15:27:45
程序启动！

时间:2018/10/10 15:32:35
程序启动！

时间:2018/10/10 15:46:05
程序启动！

时间:2018/10/10 15:48:42
程序启动！

时间:2018/10/10 16:15:10
程序启动！

时间:2018/10/10 16:27:02
程序启动！

时间:2018/10/10 16:35:45
程序启动！

时间:2018/10/10 16:42:51
程序启动！

时间:2018/10/10 16:58:03
程序启动！

时间:2018/10/10 17:10:14
程序启动！

时间:2018/10/10 17:14:40
程序启动！

时间:2018/10/10 17:27:59
程序启动！

时间:2018/10/10 17:32:39
程序启动！

时间:2018/10/10 17:38:35
程序启动！

时间:2018/10/10 17:49:35
程序启动！

时间:2018/10/10 17:52:13
程序启动！

时间:2018/10/10 17:53:09
程序启动！

时间:2018/10/10 18:03:41
程序启动！

时间:2018/10/10 18:04:54
程序启动！

时间:2018/10/10 18:09:18
程序启动！

时间:2018/10/10 18:18:41
程序启动！

时间:2018/10/11 9:43:15
程序启动！

时间:2018/10/11 9:53:59
程序启动！

时间:2018/10/11 10:01:15
程序启动！

时间:2018/10/11 10:11:28
程序启动！

时间:2018/10/11 11:20:48
程序启动！

时间:2018/10/11 11:32:13
程序启动！

时间:2018/10/11 11:40:54
程序启动！

时间:2018/10/11 11:45:09
程序启动！

时间:2018/10/11 11:48:31
程序启动！

时间:2018/10/11 14:20:30
程序启动！

时间:2018/10/25 10:04:56
程序启动！

时间:2018/10/25 10:04:56
没有串口！

时间:2018/10/29 10:33:52
程序启动！

时间:2018/10/29 10:33:52
没有串口！

时间:2018/10/29 17:26:02
程序启动！

时间:2018/10/29 17:26:02
没有串口！

时间:2018/10/29 17:53:47
程序启动！

时间:2018/10/29 17:56:47
程序启动！

时间:2018/10/29 18:02:00
程序启动！

时间:2018/10/29 18:05:19
程序启动！

时间:2018/10/31 11:39:34
程序启动！

时间:2018/10/31 11:40:38
程序启动！

时间:2018/10/31 11:46:50
程序启动！

时间:2018/10/31 11:59:19
程序启动！

时间:2018/10/31 13:40:47
程序启动！

时间:2018/10/31 13:48:29
程序启动！

时间:2018/10/31 13:48:45
程序启动！

时间:2018/10/31 13:49:02
程序启动！

时间:2018/11/1 10:09:14
程序启动！

时间:2018/11/1 11:47:43
程序启动！

时间:2018/11/1 16:03:04
程序启动！

时间:2018/11/1 16:04:09
程序启动！

时间:2018/11/1 19:11:14
程序启动！

时间:2018/11/1 19:12:44
程序启动！

时间:2018/11/1 19:15:17
程序启动！

时间:2018/11/1 19:16:53
程序启动！

时间:2018/11/2 10:52:46
程序启动！

时间:2018/11/2 12:41:58
程序启动！

时间:2018/11/2 12:45:20
程序启动！

时间:2018/11/2 13:51:55
程序启动！

时间:2018/11/2 14:15:28
程序启动！

时间:2018/11/2 14:18:19
程序启动！

时间:2018/11/2 14:22:43
程序启动！

时间:2018/11/2 15:18:29
程序启动！

时间:2018/11/2 15:20:25
程序启动！

时间:2018/11/2 15:22:42
程序启动！

时间:2018/11/2 15:26:27
程序启动！

时间:2018/11/2 15:30:11
程序启动！

时间:2018/11/2 15:34:11
程序启动！

时间:2018/11/2 15:36:06
程序启动！

时间:2018/11/2 15:54:22
程序启动！

时间:2018/11/2 15:58:31
程序启动！

时间:2018/11/2 16:02:02
程序启动！

时间:2018/11/2 16:15:58
程序启动！

时间:2018/11/2 16:17:57
程序启动！

时间:2018/11/2 16:27:49
程序启动！

时间:2018/11/2 16:33:46
程序启动！

时间:2018/11/2 16:35:55
程序启动！

时间:2018/11/2 16:38:54
程序启动！

时间:2018/11/2 16:39:44
程序启动！

时间:2018/11/2 16:42:13
程序启动！

时间:2018/11/2 16:58:02
程序启动！

时间:2018/11/2 17:06:12
程序启动！

时间:2018/11/2 17:13:10
程序启动！

时间:2018/11/2 17:17:57
程序启动！

时间:2018/11/2 17:27:57
程序启动！

时间:2018/11/2 17:29:25
程序启动！

时间:2018/11/2 17:33:18
程序启动！

时间:2018/11/2 17:36:08
程序启动！

时间:2018/11/2 17:38:28
程序启动！

时间:2018/11/2 17:43:53
程序启动！

时间:2018/11/2 17:47:53
程序启动！

时间:2018/11/2 18:10:34
程序启动！

时间:2018/11/2 18:13:42
程序启动！

时间:2018/11/2 18:15:58
程序启动！

时间:2018/11/2 18:17:59
程序启动！

时间:2018/11/2 18:22:34
程序启动！

时间:2018/11/2 18:31:39
程序启动！

时间:2018/11/2 18:33:05
程序启动！

时间:2018/11/2 18:53:08
程序启动！

时间:2018/11/2 19:00:16
程序启动！

时间:2018/11/2 19:20:32
程序启动！

时间:2018/11/2 19:37:10
程序启动！

时间:2018/11/2 19:40:42
程序启动！

时间:2018/11/2 19:41:31
程序启动！

时间:2018/11/2 19:45:22
程序启动！

时间:2018/11/2 19:46:20
程序启动！

时间:2018/11/2 19:50:07
程序启动！

时间:2018/11/2 19:51:11
程序启动！

时间:2018/11/2 19:54:24
程序启动！

时间:2018/11/2 19:55:59
程序启动！

时间:2018/11/2 19:59:42
程序启动！

时间:2018/11/2 20:05:22
程序启动！

时间:2018/11/2 20:07:32
程序启动！

时间:2018/11/2 20:12:17
程序启动！

时间:2018/11/2 20:19:47
程序启动！

时间:2018/11/2 20:21:30
程序启动！

时间:2018/11/2 20:38:16
程序启动！

时间:2018/11/2 20:40:16
程序启动！

时间:2018/11/2 20:45:09
程序启动！

时间:2018/11/2 21:11:58
程序启动！

时间:2018/11/2 21:11:58
没有串口！

时间:2018/11/2 21:13:50
程序启动！

时间:2018/11/2 21:20:31
程序启动！

时间:2018/11/2 21:21:18
程序启动！

时间:2018/11/2 21:32:10
程序启动！

时间:2018/11/5 10:43:15
程序启动！

时间:2018/11/5 10:43:15
没有串口！

时间:2018/11/5 10:44:17
程序启动！

时间:2018/11/5 10:44:17
没有串口！

时间:2018/11/5 10:56:44
程序启动！

时间:2018/11/5 11:01:35
程序启动！

时间:2018/11/5 11:02:08
程序启动！

时间:2018/11/5 14:21:17
程序启动！

时间:2018/11/5 14:50:16
程序启动！

时间:2018/11/5 15:30:52
程序启动！

时间:2018/11/5 15:33:38
程序启动！

时间:2018/11/5 16:01:47
程序启动！

时间:2018/11/5 16:10:25
程序启动！

时间:2018/11/5 16:14:17
程序启动！

时间:2018/11/5 16:21:32
程序启动！

时间:2018/11/5 16:23:53
程序启动！

时间:2018/11/5 17:04:52
程序启动！

时间:2018/11/5 17:05:50
程序启动！

时间:2018/11/5 17:07:12
程序启动！

时间:2018/11/5 17:08:20
程序启动！

时间:2018/11/5 17:13:22
程序启动！

时间:2018/11/5 17:14:16
程序启动！

时间:2018/11/5 17:50:10
程序启动！

时间:2018/11/6 10:33:34
程序启动！

时间:2018/11/6 10:33:52
程序启动！

时间:2018/11/6 10:34:20
程序启动！

时间:2018/11/6 10:40:02
程序启动！

时间:2018/11/6 11:18:34
程序启动！

时间:2018/11/6 11:21:22
程序启动！

时间:2019-04-23 23:54:36
程序启动！

时间:2019-04-23 23:54:36
没有串口！

时间:2019-04-23 23:56:30
程序启动！

时间:2019-04-23 23:56:30
没有串口！

时间:2019-04-24 10:04:54
程序启动！

时间:2019-04-29 18:27:02
程序启动！

时间:2019-04-30 17:46:31
程序启动！

时间:2019/5/5 14:11:15
程序启动！

时间:2019/5/5 14:13:16
程序启动！

时间:2019/5/5 14:27:41
程序启动！

时间:2019/5/5 14:29:36
程序启动！

时间:2019/5/5 14:48:33
程序启动！

时间:2019/5/5 14:54:24
程序启动！

时间:2019/5/5 15:01:19
程序启动！

时间:2019/5/5 15:03:03
程序启动！

时间:2019/5/5 15:07:38
程序启动！

时间:2019-05-05 15:11:06
程序启动！

时间:2019-05-05 15:13:14
程序启动！

时间:2019-05-05 15:21:26
程序启动！

时间:2019-05-05 15:27:16
程序启动！

时间:2019/11/20 18:32:34
程序启动！

时间:2019/11/20 18:33:11
程序启动！

时间:2019/11/20 18:33:47
程序启动！

时间:2019/11/20 19:53:07
程序启动！

时间:2019/11/20 19:56:44
程序启动！

时间:2019/11/20 20:02:34
程序启动！

时间:2019/11/20 20:05:11
程序启动！

时间:2019/11/20 20:16:51
程序启动！

时间:2019/11/20 20:18:48
程序启动！

时间:2019/11/20 20:23:20
程序启动！

时间:2019/11/20 20:30:59
程序启动！

时间:2019/11/20 20:36:14
程序启动！

时间:2019/11/20 20:39:15
程序启动！

时间:2019/11/20 20:44:08
程序启动！

时间:2019/11/20 20:46:31
程序启动！

时间:2019/11/20 20:50:33
程序启动！

时间:2019/11/20 20:53:54
程序启动！

时间:2019/11/20 20:55:58
程序启动！

时间:2019/11/21 10:14:40
程序启动！

时间:2019/11/21 10:18:36
程序启动！

时间:2019/11/21 10:30:19
程序启动！

时间:2019/11/21 10:31:11
程序启动！

时间:2019/11/21 10:40:37
程序启动！

时间:2019/11/21 11:20:26
程序启动！

时间:2019/11/21 11:40:06
程序启动！

时间:2019/11/21 15:24:20
The program starts!

时间:2019/11/21 15:31:24
The program starts!

时间:2019/11/21 15:35:27
The program starts!

时间:2019/11/21 15:36:41
The program starts!

时间:2019/11/21 15:37:31
The program starts!

时间:2019/11/21 15:42:30
The program starts!

时间:2019/11/21 16:14:43
The program starts!

时间:2019/11/21 16:23:23
The program starts!

时间:2019/11/21 16:40:50
The program starts!

时间:2019/11/21 18:15:11
The program starts!

时间:2019/11/21 19:39:26
The program starts!

时间:2019/11/21 19:43:26
The program starts!

时间:2019/11/21 20:17:11
The program starts!

时间:2019/11/21 21:38:14
The program starts!

时间:2019/11/21 21:42:24
The program starts!

时间:2019/11/21 21:58:57
The program starts!

时间:2019/11/22 10:44:10
The program starts!

时间:2019/11/22 10:48:36
The program starts!

时间:2019/11/22 10:51:24
The program starts!

时间:2019/11/22 10:52:36
The program starts!

时间:2019/11/22 12:48:13
The program starts!

时间:2019/11/22 12:51:19
The program starts!

时间:2019/11/22 12:55:25
The program starts!

时间:2019/11/22 13:02:04
The program starts!

时间:2019/11/23 18:12:03
The program starts!

时间:2019/11/23 18:12:03
No serial port!

时间:2019/11/23 20:11:14
The program starts!

时间:14-12-2019 11:30:36
The program starts!

时间:14-12-2019 11:56:18
The program starts!

时间:30-12-2019 15:35:20
The program starts!

时间:09-01-2020 17:32:29
The program starts!

时间:03-02-2020 05:09:07 PM
The program starts!

时间:03-02-2020 05:09:07 PM
No serial port!

时间:04-02-2020 01:04:41 PM
The program starts!

时间:04-02-2020 02:44:31 PM
The program starts!

时间:04-02-2020 03:03:28 PM
The program starts!

时间:04-02-2020 04:00:44 PM
The program starts!

时间:07-02-2020 01:01:22 PM
The program starts!

时间:14-02-2020 10:33:59 AM
The program starts!

时间:14-02-2020 10:33:59 AM
No serial port!

时间:17-02-2020 05:30:22 PM
The program starts!

时间:19-02-2020 02:31:15 PM
The program starts!

时间:19-02-2020 02:31:15 PM
No serial port!

时间:20-02-2020 05:31:05 PM
The program starts!

时间:26-02-2020 12:06:15 PM
The program starts!

时间:26-02-2020 12:06:15 PM
No serial port!

时间:26-02-2020 02:14:27 PM
The program starts!

